2020-04-15 16:09:01 INFO  StockManager:20 - Enter Admin username
2020-04-15 16:09:08 INFO  StockManager:22 - Enter Admin password
2020-04-15 16:09:21 INFO  StockManager:34 - Which entity would you like to use?
2020-04-15 16:09:21 INFO  Domain:28 - CUSTOMER: Information on store customers
2020-04-15 16:09:21 INFO  Domain:28 - ITEMS: Details on items in stock
2020-04-15 16:09:21 INFO  Domain:28 - ORDERS: Collection of customers purchases of items
2020-04-15 16:09:21 INFO  Domain:28 - END: Closes the application once you are done
2020-04-15 16:09:31 INFO  StockManager:38 - What would you like to do with customer:
2020-04-15 16:09:31 INFO  ControllerActions:30 - CREATE: To save a new record to the database
2020-04-15 16:09:31 INFO  ControllerActions:30 - READ: To read a record from the database
2020-04-15 16:09:31 INFO  ControllerActions:30 - READALL: To read all records from the database
2020-04-15 16:09:31 INFO  ControllerActions:30 - UPDATE: To update a record on the database with new information
2020-04-15 16:09:31 INFO  ControllerActions:30 - DELETE: To remove a record from the database
2020-04-15 16:09:31 INFO  ControllerActions:30 - RETURN: To return to table selection
2020-04-15 16:09:38 INFO  CustomerController:62 - Please enter the customer's first name: 
2020-04-15 16:09:43 INFO  CustomerController:64 - Please enter the customer's last name: 
2020-04-15 16:09:45 INFO  CustomerController:66 - Please enter the customer's address: 
2020-04-15 16:09:54 INFO  CustomerController:68 - Please enter the customer's email: 
2020-04-15 16:10:06 INFO  CustomerController:70 - Please enter the customer's postcode: 
2020-04-15 16:10:20 INFO  CustomerController:39 - Customer created.
2020-04-15 16:10:20 INFO  StockManager:34 - Which entity would you like to use?
2020-04-15 16:10:20 INFO  Domain:28 - CUSTOMER: Information on store customers
2020-04-15 16:10:20 INFO  Domain:28 - ITEMS: Details on items in stock
2020-04-15 16:10:20 INFO  Domain:28 - ORDERS: Collection of customers purchases of items
2020-04-15 16:10:20 INFO  Domain:28 - END: Closes the application once you are done
2020-04-15 16:10:28 INFO  StockManager:38 - What would you like to do with customer:
2020-04-15 16:10:28 INFO  ControllerActions:30 - CREATE: To save a new record to the database
2020-04-15 16:10:28 INFO  ControllerActions:30 - READ: To read a record from the database
2020-04-15 16:10:28 INFO  ControllerActions:30 - READALL: To read all records from the database
2020-04-15 16:10:28 INFO  ControllerActions:30 - UPDATE: To update a record on the database with new information
2020-04-15 16:10:28 INFO  ControllerActions:30 - DELETE: To remove a record from the database
2020-04-15 16:10:28 INFO  ControllerActions:30 - RETURN: To return to table selection
2020-04-15 16:10:32 INFO  StockManager:34 - Which entity would you like to use?
2020-04-15 16:10:32 INFO  Domain:28 - CUSTOMER: Information on store customers
2020-04-15 16:10:32 INFO  Domain:28 - ITEMS: Details on items in stock
2020-04-15 16:10:32 INFO  Domain:28 - ORDERS: Collection of customers purchases of items
2020-04-15 16:10:32 INFO  Domain:28 - END: Closes the application once you are done
2020-04-15 16:17:26 INFO  StockManager:38 - What would you like to do with customer:
2020-04-15 16:17:26 INFO  ControllerActions:30 - CREATE: To save a new record to the database
2020-04-15 16:17:26 INFO  ControllerActions:30 - READ: To read a record from the database
2020-04-15 16:17:26 INFO  ControllerActions:30 - READALL: To read all records from the database
2020-04-15 16:17:26 INFO  ControllerActions:30 - UPDATE: To update a record on the database with new information
2020-04-15 16:17:26 INFO  ControllerActions:30 - DELETE: To remove a record from the database
2020-04-15 16:17:26 INFO  ControllerActions:30 - RETURN: To return to table selection
2020-04-15 16:17:32 INFO  CustomerController:29 - ID: 1 First Name: Luke Last Name: Conway Address: 32 suck it road Email: lconway@stickit.com Postcode: ht457np
2020-04-15 16:17:32 INFO  StockManager:34 - Which entity would you like to use?
2020-04-15 16:17:32 INFO  Domain:28 - CUSTOMER: Information on store customers
2020-04-15 16:17:32 INFO  Domain:28 - ITEMS: Details on items in stock
2020-04-15 16:17:32 INFO  Domain:28 - ORDERS: Collection of customers purchases of items
2020-04-15 16:17:32 INFO  Domain:28 - END: Closes the application once you are done
2020-04-15 16:17:47 INFO  StockManager:38 - What would you like to do with customer:
2020-04-15 16:17:47 INFO  ControllerActions:30 - CREATE: To save a new record to the database
2020-04-15 16:17:47 INFO  ControllerActions:30 - READ: To read a record from the database
2020-04-15 16:17:47 INFO  ControllerActions:30 - READALL: To read all records from the database
2020-04-15 16:17:47 INFO  ControllerActions:30 - UPDATE: To update a record on the database with new information
2020-04-15 16:17:47 INFO  ControllerActions:30 - DELETE: To remove a record from the database
2020-04-15 16:17:47 INFO  ControllerActions:30 - RETURN: To return to table selection
2020-04-15 16:17:50 INFO  StockManager:34 - Which entity would you like to use?
2020-04-15 16:17:50 INFO  Domain:28 - CUSTOMER: Information on store customers
2020-04-15 16:17:50 INFO  Domain:28 - ITEMS: Details on items in stock
2020-04-15 16:17:50 INFO  Domain:28 - ORDERS: Collection of customers purchases of items
2020-04-15 16:17:50 INFO  Domain:28 - END: Closes the application once you are done
2020-04-15 16:25:11 INFO  StockManager:20 - Enter Admin username
2020-04-15 16:28:25 INFO  StockManager:20 - Enter Admin username
2020-04-15 16:28:28 INFO  StockManager:22 - Enter Admin password
2020-04-15 16:28:41 INFO  StockManager:34 - Which entity would you like to use?
2020-04-15 16:28:41 INFO  Domain:28 - CUSTOMER: Information on store customers
2020-04-15 16:28:41 INFO  Domain:28 - ITEMS: Details on items in stock
2020-04-15 16:28:41 INFO  Domain:28 - ORDERS: Collection of customers purchases of items
2020-04-15 16:28:41 INFO  Domain:28 - END: Closes the application once you are done
2020-04-15 16:28:48 INFO  StockManager:38 - What would you like to do with customer:
2020-04-15 16:28:48 INFO  ControllerActions:30 - CREATE: To save a new record to the database
2020-04-15 16:28:48 INFO  ControllerActions:30 - READ: To read a record from the database
2020-04-15 16:28:48 INFO  ControllerActions:30 - READALL: To read all records from the database
2020-04-15 16:28:48 INFO  ControllerActions:30 - UPDATE: To update a record on the database with new information
2020-04-15 16:28:48 INFO  ControllerActions:30 - DELETE: To remove a record from the database
2020-04-15 16:28:48 INFO  ControllerActions:30 - RETURN: To return to table selection
2020-04-15 16:28:52 INFO  StockManager:34 - Which entity would you like to use?
2020-04-15 16:28:52 INFO  Domain:28 - CUSTOMER: Information on store customers
2020-04-15 16:28:52 INFO  Domain:28 - ITEMS: Details on items in stock
2020-04-15 16:28:52 INFO  Domain:28 - ORDERS: Collection of customers purchases of items
2020-04-15 16:28:52 INFO  Domain:28 - END: Closes the application once you are done
2020-04-15 16:28:57 INFO  StockManager:38 - What would you like to do with customer:
2020-04-15 16:28:57 INFO  ControllerActions:30 - CREATE: To save a new record to the database
2020-04-15 16:28:57 INFO  ControllerActions:30 - READ: To read a record from the database
2020-04-15 16:28:57 INFO  ControllerActions:30 - READALL: To read all records from the database
2020-04-15 16:28:57 INFO  ControllerActions:30 - UPDATE: To update a record on the database with new information
2020-04-15 16:28:57 INFO  ControllerActions:30 - DELETE: To remove a record from the database
2020-04-15 16:28:57 INFO  ControllerActions:30 - RETURN: To return to table selection
2020-04-15 16:29:00 INFO  CustomerController:30 - ID: 1 First Name: Luke Last Name: Conway Address: 32 suck it road Email: lconway@stickit.com Postcode: ht457np
2020-04-15 16:29:00 INFO  StockManager:34 - Which entity would you like to use?
2020-04-15 16:29:00 INFO  Domain:28 - CUSTOMER: Information on store customers
2020-04-15 16:29:00 INFO  Domain:28 - ITEMS: Details on items in stock
2020-04-15 16:29:00 INFO  Domain:28 - ORDERS: Collection of customers purchases of items
2020-04-15 16:29:00 INFO  Domain:28 - END: Closes the application once you are done
2020-04-15 16:31:32 INFO  StockManager:20 - Enter Admin username
2020-04-15 16:31:36 INFO  StockManager:22 - Enter Admin password
2020-04-15 16:31:43 INFO  StockManager:34 - Which entity would you like to use?
2020-04-15 16:31:43 INFO  Domain:28 - CUSTOMER: Information on store customers
2020-04-15 16:31:43 INFO  Domain:28 - ITEMS: Details on items in stock
2020-04-15 16:31:43 INFO  Domain:28 - ORDERS: Collection of customers purchases of items
2020-04-15 16:31:43 INFO  Domain:28 - END: Closes the application once you are done
2020-04-15 16:31:45 INFO  StockManager:38 - What would you like to do with customer:
2020-04-15 16:31:45 INFO  ControllerActions:30 - CREATE: To save a new record to the database
2020-04-15 16:31:45 INFO  ControllerActions:30 - READ: To read a record from the database
2020-04-15 16:31:45 INFO  ControllerActions:30 - READALL: To read all records from the database
2020-04-15 16:31:45 INFO  ControllerActions:30 - UPDATE: To update a record on the database with new information
2020-04-15 16:31:45 INFO  ControllerActions:30 - DELETE: To remove a record from the database
2020-04-15 16:31:45 INFO  ControllerActions:30 - RETURN: To return to table selection
2020-04-15 16:31:49 INFO  CustomerController:30 - ID: 1 First Name: Luke Last Name: Conway Address: 32 suck it road Email: lconway@stickit.com Postcode: ht457np
2020-04-15 16:31:49 INFO  StockManager:34 - Which entity would you like to use?
2020-04-15 16:31:49 INFO  Domain:28 - CUSTOMER: Information on store customers
2020-04-15 16:31:49 INFO  Domain:28 - ITEMS: Details on items in stock
2020-04-15 16:31:49 INFO  Domain:28 - ORDERS: Collection of customers purchases of items
2020-04-15 16:31:49 INFO  Domain:28 - END: Closes the application once you are done
2020-04-15 16:32:53 INFO  StockManager:38 - What would you like to do with end:
2020-04-15 16:32:53 INFO  ControllerActions:30 - CREATE: To save a new record to the database
2020-04-15 16:32:53 INFO  ControllerActions:30 - READ: To read a record from the database
2020-04-15 16:32:53 INFO  ControllerActions:30 - READALL: To read all records from the database
2020-04-15 16:32:53 INFO  ControllerActions:30 - UPDATE: To update a record on the database with new information
2020-04-15 16:32:53 INFO  ControllerActions:30 - DELETE: To remove a record from the database
2020-04-15 16:32:53 INFO  ControllerActions:30 - RETURN: To return to table selection
2020-04-15 16:34:56 INFO  StockManager:20 - Enter Admin username
2020-04-15 16:36:13 INFO  StockManager:20 - Enter Admin username
2020-04-15 16:36:43 INFO  StockManager:22 - Enter Admin password
2020-04-15 16:36:47 INFO  StockManager:34 - Which entity would you like to use?
2020-04-15 16:36:47 INFO  Domain:28 - CUSTOMER: Information on store customers
2020-04-15 16:36:47 INFO  Domain:28 - ITEMS: Details on items in stock
2020-04-15 16:36:47 INFO  Domain:28 - ORDERS: Collection of customers purchases of items
2020-04-15 16:36:47 INFO  Domain:28 - END: Closes the application once you are done
2020-04-15 16:37:09 INFO  StockManager:38 - What would you like to do with customer:
2020-04-15 16:37:09 INFO  ControllerActions:30 - CREATE: To save a new record to the database
2020-04-15 16:37:09 INFO  ControllerActions:30 - READ: To read a record from the database
2020-04-15 16:37:09 INFO  ControllerActions:30 - READALL: To read all records from the database
2020-04-15 16:37:09 INFO  ControllerActions:30 - UPDATE: To update a record on the database with new information
2020-04-15 16:37:09 INFO  ControllerActions:30 - DELETE: To remove a record from the database
2020-04-15 16:37:09 INFO  ControllerActions:30 - RETURN: To return to table selection
2020-04-15 16:37:14 INFO  StockManager:34 - Which entity would you like to use?
2020-04-15 16:37:14 INFO  Domain:28 - CUSTOMER: Information on store customers
2020-04-15 16:37:14 INFO  Domain:28 - ITEMS: Details on items in stock
2020-04-15 16:37:14 INFO  Domain:28 - ORDERS: Collection of customers purchases of items
2020-04-15 16:37:14 INFO  Domain:28 - END: Closes the application once you are done
2020-04-15 16:37:19 INFO  StockManager:38 - What would you like to do with customer:
2020-04-15 16:37:19 INFO  ControllerActions:30 - CREATE: To save a new record to the database
2020-04-15 16:37:19 INFO  ControllerActions:30 - READ: To read a record from the database
2020-04-15 16:37:19 INFO  ControllerActions:30 - READALL: To read all records from the database
2020-04-15 16:37:19 INFO  ControllerActions:30 - UPDATE: To update a record on the database with new information
2020-04-15 16:37:19 INFO  ControllerActions:30 - DELETE: To remove a record from the database
2020-04-15 16:37:19 INFO  ControllerActions:30 - RETURN: To return to table selection
2020-04-15 16:37:22 INFO  CustomerController:30 - ID: 1 First Name: Luke Last Name: Conway Address: 32 suck it road Email: lconway@stickit.com Postcode: ht457np
2020-04-15 16:37:22 INFO  StockManager:34 - Which entity would you like to use?
2020-04-15 16:37:22 INFO  Domain:28 - CUSTOMER: Information on store customers
2020-04-15 16:37:22 INFO  Domain:28 - ITEMS: Details on items in stock
2020-04-15 16:37:22 INFO  Domain:28 - ORDERS: Collection of customers purchases of items
2020-04-15 16:37:22 INFO  Domain:28 - END: Closes the application once you are done
2020-04-15 16:38:41 INFO  StockManager:20 - Enter Admin username
2020-04-15 16:38:44 INFO  StockManager:22 - Enter Admin password
2020-04-15 16:38:53 INFO  StockManager:34 - Which entity would you like to use?
2020-04-15 16:38:53 INFO  Domain:28 - CUSTOMER: Information on store customers
2020-04-15 16:38:53 INFO  Domain:28 - ITEMS: Details on items in stock
2020-04-15 16:38:53 INFO  Domain:28 - ORDERS: Collection of customers purchases of items
2020-04-15 16:38:53 INFO  Domain:28 - END: Closes the application once you are done
2020-04-15 16:38:56 INFO  StockManager:38 - What would you like to do with customer:
2020-04-15 16:38:56 INFO  ControllerActions:30 - CREATE: To save a new record to the database
2020-04-15 16:38:56 INFO  ControllerActions:30 - READ: To read a record from the database
2020-04-15 16:38:56 INFO  ControllerActions:30 - READALL: To read all records from the database
2020-04-15 16:38:56 INFO  ControllerActions:30 - UPDATE: To update a record on the database with new information
2020-04-15 16:38:56 INFO  ControllerActions:30 - DELETE: To remove a record from the database
2020-04-15 16:38:56 INFO  ControllerActions:30 - RETURN: To return to table selection
2020-04-15 16:38:58 INFO  CustomerController:37 - Please enter the customer's ID: 
2020-04-15 16:39:01 DEBUG CustomerDAO:52 - [Ljava.lang.StackTraceElement;@69b794e2
2020-04-15 16:39:01 ERROR CustomerDAO:53 - Illegal operation on empty result set.
2020-04-15 16:41:20 INFO  StockManager:20 - Enter Admin username
2020-04-15 16:41:23 INFO  StockManager:22 - Enter Admin password
2020-04-15 16:41:25 INFO  StockManager:34 - Which entity would you like to use?
2020-04-15 16:41:25 INFO  Domain:28 - CUSTOMER: Information on store customers
2020-04-15 16:41:25 INFO  Domain:28 - ITEMS: Details on items in stock
2020-04-15 16:41:25 INFO  Domain:28 - ORDERS: Collection of customers purchases of items
2020-04-15 16:41:25 INFO  Domain:28 - END: Closes the application once you are done
2020-04-15 16:41:28 INFO  StockManager:38 - What would you like to do with customer:
2020-04-15 16:41:28 INFO  ControllerActions:30 - CREATE: To save a new record to the database
2020-04-15 16:41:28 INFO  ControllerActions:30 - READ: To read a record from the database
2020-04-15 16:41:28 INFO  ControllerActions:30 - READALL: To read all records from the database
2020-04-15 16:41:28 INFO  ControllerActions:30 - UPDATE: To update a record on the database with new information
2020-04-15 16:41:28 INFO  ControllerActions:30 - DELETE: To remove a record from the database
2020-04-15 16:41:28 INFO  ControllerActions:30 - RETURN: To return to table selection
2020-04-15 16:41:29 INFO  CustomerController:37 - Please enter the customer's ID: 
2020-04-15 16:41:32 DEBUG CustomerDAO:52 - [Ljava.lang.StackTraceElement;@69b794e2
2020-04-15 16:41:32 ERROR CustomerDAO:53 - Illegal operation on empty result set.
2020-04-15 16:42:47 INFO  StockManager:20 - Enter Admin username
2020-04-15 16:42:51 INFO  StockManager:22 - Enter Admin password
2020-04-15 16:42:53 INFO  StockManager:34 - Which entity would you like to use?
2020-04-15 16:42:53 INFO  Domain:28 - CUSTOMER: Information on store customers
2020-04-15 16:42:53 INFO  Domain:28 - ITEMS: Details on items in stock
2020-04-15 16:42:53 INFO  Domain:28 - ORDERS: Collection of customers purchases of items
2020-04-15 16:42:53 INFO  Domain:28 - END: Closes the application once you are done
2020-04-15 16:43:01 INFO  StockManager:38 - What would you like to do with customer:
2020-04-15 16:43:01 INFO  ControllerActions:30 - CREATE: To save a new record to the database
2020-04-15 16:43:01 INFO  ControllerActions:30 - READ: To read a record from the database
2020-04-15 16:43:01 INFO  ControllerActions:30 - READALL: To read all records from the database
2020-04-15 16:43:01 INFO  ControllerActions:30 - UPDATE: To update a record on the database with new information
2020-04-15 16:43:01 INFO  ControllerActions:30 - DELETE: To remove a record from the database
2020-04-15 16:43:01 INFO  ControllerActions:30 - RETURN: To return to table selection
2020-04-15 16:43:07 INFO  CustomerController:37 - Please enter the customer's ID: 
2020-04-15 16:43:22 DEBUG CustomerDAO:52 - [Ljava.lang.StackTraceElement;@69b794e2
2020-04-15 16:43:22 ERROR CustomerDAO:53 - Illegal operation on empty result set.
2020-04-15 16:59:49 INFO  StockManager:20 - Enter Admin username
2020-04-15 16:59:57 INFO  StockManager:22 - Enter Admin password
2020-04-15 16:59:58 INFO  StockManager:34 - Which entity would you like to use?
2020-04-15 16:59:58 INFO  Domain:28 - CUSTOMER: Information on store customers
2020-04-15 16:59:58 INFO  Domain:28 - ITEMS: Details on items in stock
2020-04-15 16:59:58 INFO  Domain:28 - ORDERS: Collection of customers purchases of items
2020-04-15 16:59:58 INFO  Domain:28 - END: Closes the application once you are done
2020-04-15 17:00:02 INFO  StockManager:38 - What would you like to do with items:
2020-04-15 17:00:02 INFO  ControllerActions:30 - CREATE: To save a new record to the database
2020-04-15 17:00:02 INFO  ControllerActions:30 - READ: To read a record from the database
2020-04-15 17:00:02 INFO  ControllerActions:30 - READALL: To read all records from the database
2020-04-15 17:00:02 INFO  ControllerActions:30 - UPDATE: To update a record on the database with new information
2020-04-15 17:00:02 INFO  ControllerActions:30 - DELETE: To remove a record from the database
2020-04-15 17:00:02 INFO  ControllerActions:30 - RETURN: To return to table selection
2020-04-15 17:00:21 INFO  StockManager:34 - Which entity would you like to use?
2020-04-15 17:00:21 INFO  Domain:28 - CUSTOMER: Information on store customers
2020-04-15 17:00:21 INFO  Domain:28 - ITEMS: Details on items in stock
2020-04-15 17:00:21 INFO  Domain:28 - ORDERS: Collection of customers purchases of items
2020-04-15 17:00:21 INFO  Domain:28 - END: Closes the application once you are done
2020-04-15 17:00:29 INFO  StockManager:38 - What would you like to do with items:
2020-04-15 17:00:29 INFO  ControllerActions:30 - CREATE: To save a new record to the database
2020-04-15 17:00:29 INFO  ControllerActions:30 - READ: To read a record from the database
2020-04-15 17:00:29 INFO  ControllerActions:30 - READALL: To read all records from the database
2020-04-15 17:00:29 INFO  ControllerActions:30 - UPDATE: To update a record on the database with new information
2020-04-15 17:00:29 INFO  ControllerActions:30 - DELETE: To remove a record from the database
2020-04-15 17:00:29 INFO  ControllerActions:30 - RETURN: To return to table selection
2020-04-15 17:00:32 INFO  StockManager:34 - Which entity would you like to use?
2020-04-15 17:00:32 INFO  Domain:28 - CUSTOMER: Information on store customers
2020-04-15 17:00:32 INFO  Domain:28 - ITEMS: Details on items in stock
2020-04-15 17:00:32 INFO  Domain:28 - ORDERS: Collection of customers purchases of items
2020-04-15 17:00:32 INFO  Domain:28 - END: Closes the application once you are done
2020-04-15 17:04:53 INFO  StockManager:26 - Enter Admin username
2020-04-15 17:04:57 INFO  StockManager:28 - Enter Admin password
2020-04-15 17:05:20 INFO  StockManager:40 - Which entity would you like to use?
2020-04-15 17:05:20 INFO  Domain:28 - CUSTOMER: Information on store customers
2020-04-15 17:05:20 INFO  Domain:28 - ITEMS: Details on items in stock
2020-04-15 17:05:20 INFO  Domain:28 - ORDERS: Collection of customers purchases of items
2020-04-15 17:05:20 INFO  Domain:28 - END: Closes the application once you are done
2020-04-15 17:05:23 INFO  StockManager:44 - What would you like to do with items:
2020-04-15 17:05:23 INFO  ControllerActions:30 - CREATE: To save a new record to the database
2020-04-15 17:05:23 INFO  ControllerActions:30 - READ: To read a record from the database
2020-04-15 17:05:23 INFO  ControllerActions:30 - READALL: To read all records from the database
2020-04-15 17:05:23 INFO  ControllerActions:30 - UPDATE: To update a record on the database with new information
2020-04-15 17:05:23 INFO  ControllerActions:30 - DELETE: To remove a record from the database
2020-04-15 17:05:23 INFO  ControllerActions:30 - RETURN: To return to table selection
2020-04-15 17:05:26 INFO  ItemController:71 - Please enter the items name: 
2020-04-15 17:05:34 INFO  ItemController:73 - Please enter the items price: 
2020-04-15 17:05:42 INFO  ItemController:75 - Please enter the items genre: 
2020-04-15 17:05:58 INFO  ItemController:77 - Please enter the items minimum number of players: 
2020-04-15 17:06:11 INFO  ItemController:79 - Please enter the maximum number of players: 
2020-04-15 17:06:14 INFO  ItemController:81 - Please enter the average play time (Minutes): 
2020-04-15 17:06:19 DEBUG ItemDAO:69 - [Ljava.lang.StackTraceElement;@7bc1a03d
2020-04-15 17:06:19 ERROR ItemDAO:70 - Incorrect integer value: 'null' for column 'min_players' at row 1
2020-04-15 17:06:19 INFO  ItemController:49 - Item created.
2020-04-15 17:06:19 INFO  StockManager:40 - Which entity would you like to use?
2020-04-15 17:06:19 INFO  Domain:28 - CUSTOMER: Information on store customers
2020-04-15 17:06:19 INFO  Domain:28 - ITEMS: Details on items in stock
2020-04-15 17:06:19 INFO  Domain:28 - ORDERS: Collection of customers purchases of items
2020-04-15 17:06:19 INFO  Domain:28 - END: Closes the application once you are done
2020-04-15 17:27:09 INFO  StockManager:26 - Enter Admin username
2020-04-15 17:27:16 INFO  StockManager:28 - Enter Admin password
2020-04-15 17:27:24 INFO  StockManager:40 - Which entity would you like to use?
2020-04-15 17:27:24 INFO  Domain:28 - CUSTOMER: Information on store customers
2020-04-15 17:27:24 INFO  Domain:28 - ITEMS: Details on items in stock
2020-04-15 17:27:24 INFO  Domain:28 - ORDERS: Collection of customers purchases of items
2020-04-15 17:27:24 INFO  Domain:28 - END: Closes the application once you are done
2020-04-15 17:27:27 INFO  StockManager:44 - What would you like to do with customer:
2020-04-15 17:27:27 INFO  ControllerActions:30 - CREATE: To save a new record to the database
2020-04-15 17:27:27 INFO  ControllerActions:30 - READ: To read a record from the database
2020-04-15 17:27:27 INFO  ControllerActions:30 - READALL: To read all records from the database
2020-04-15 17:27:27 INFO  ControllerActions:30 - UPDATE: To update a record on the database with new information
2020-04-15 17:27:27 INFO  ControllerActions:30 - DELETE: To remove a record from the database
2020-04-15 17:27:27 INFO  ControllerActions:30 - RETURN: To return to table selection
2020-04-15 17:27:28 INFO  CustomerController:37 - Please enter the customer's ID: 
2020-04-15 17:28:40 INFO  StockManager:26 - Enter Admin username
2020-04-15 17:28:45 INFO  StockManager:28 - Enter Admin password
2020-04-15 17:28:46 INFO  StockManager:40 - Which entity would you like to use?
2020-04-15 17:28:47 INFO  Domain:28 - CUSTOMER: Information on store customers
2020-04-15 17:28:47 INFO  Domain:28 - ITEMS: Details on items in stock
2020-04-15 17:28:47 INFO  Domain:28 - ORDERS: Collection of customers purchases of items
2020-04-15 17:28:47 INFO  Domain:28 - END: Closes the application once you are done
2020-04-15 17:28:50 INFO  StockManager:44 - What would you like to do with customer:
2020-04-15 17:28:50 INFO  ControllerActions:30 - CREATE: To save a new record to the database
2020-04-15 17:28:50 INFO  ControllerActions:30 - READ: To read a record from the database
2020-04-15 17:28:50 INFO  ControllerActions:30 - READALL: To read all records from the database
2020-04-15 17:28:50 INFO  ControllerActions:30 - UPDATE: To update a record on the database with new information
2020-04-15 17:28:50 INFO  ControllerActions:30 - DELETE: To remove a record from the database
2020-04-15 17:28:50 INFO  ControllerActions:30 - RETURN: To return to table selection
2020-04-15 17:28:51 INFO  CustomerController:37 - Please enter the customer's ID: 
2020-04-15 17:28:53 DEBUG CustomerDAO:52 - [Ljava.lang.StackTraceElement;@69b794e2
2020-04-15 17:28:53 ERROR CustomerDAO:53 - Illegal operation on empty result set.
2020-04-16 09:42:53 INFO  StockManager:26 - Enter Admin username
2020-04-16 09:42:57 INFO  StockManager:28 - Enter Admin password
2020-04-16 09:43:10 INFO  StockManager:40 - Which entity would you like to use?
2020-04-16 09:43:10 INFO  Domain:29 - CUSTOMER: Information on store customers
2020-04-16 09:43:10 INFO  Domain:29 - ITEMS: Details on items in stock
2020-04-16 09:43:10 INFO  Domain:29 - ORDERS: Collection of customers purchases of items
2020-04-16 09:43:10 INFO  Domain:29 - USERS: Information on staff users of the system
2020-04-16 09:43:10 INFO  Domain:29 - END: Closes the application once you are done
2020-04-16 09:43:13 INFO  StockManager:44 - What would you like to do with customer:
2020-04-16 09:43:13 INFO  ControllerActions:30 - CREATE: To save a new record to the database
2020-04-16 09:43:13 INFO  ControllerActions:30 - READ: To read a record from the database
2020-04-16 09:43:13 INFO  ControllerActions:30 - READALL: To read all records from the database
2020-04-16 09:43:13 INFO  ControllerActions:30 - UPDATE: To update a record on the database with new information
2020-04-16 09:43:13 INFO  ControllerActions:30 - DELETE: To remove a record from the database
2020-04-16 09:43:13 INFO  ControllerActions:30 - RETURN: To return to table selection
2020-04-16 09:43:16 INFO  CustomerController:37 - Please enter the customer's ID: 
2020-04-16 09:46:16 INFO  StockManager:26 - Enter Admin username
2020-04-16 09:46:19 INFO  StockManager:28 - Enter Admin password
2020-04-16 09:46:20 INFO  StockManager:40 - Which entity would you like to use?
2020-04-16 09:46:20 INFO  Domain:29 - CUSTOMER: Information on store customers
2020-04-16 09:46:20 INFO  Domain:29 - ITEMS: Details on items in stock
2020-04-16 09:46:20 INFO  Domain:29 - ORDERS: Collection of customers purchases of items
2020-04-16 09:46:20 INFO  Domain:29 - USERS: Information on staff users of the system
2020-04-16 09:46:20 INFO  Domain:29 - END: Closes the application once you are done
2020-04-16 09:46:23 INFO  StockManager:44 - What would you like to do with customer:
2020-04-16 09:46:23 INFO  ControllerActions:30 - CREATE: To save a new record to the database
2020-04-16 09:46:23 INFO  ControllerActions:30 - READ: To read a record from the database
2020-04-16 09:46:23 INFO  ControllerActions:30 - READALL: To read all records from the database
2020-04-16 09:46:23 INFO  ControllerActions:30 - UPDATE: To update a record on the database with new information
2020-04-16 09:46:23 INFO  ControllerActions:30 - DELETE: To remove a record from the database
2020-04-16 09:46:23 INFO  ControllerActions:30 - RETURN: To return to table selection
2020-04-16 09:46:26 INFO  CustomerController:37 - Please enter the customer's ID: 
2020-04-16 09:47:06 INFO  StockManager:26 - Enter Admin username
2020-04-16 09:47:10 INFO  StockManager:28 - Enter Admin password
2020-04-16 09:47:13 INFO  StockManager:40 - Which entity would you like to use?
2020-04-16 09:47:13 INFO  Domain:29 - CUSTOMER: Information on store customers
2020-04-16 09:47:13 INFO  Domain:29 - ITEMS: Details on items in stock
2020-04-16 09:47:13 INFO  Domain:29 - ORDERS: Collection of customers purchases of items
2020-04-16 09:47:13 INFO  Domain:29 - USERS: Information on staff users of the system
2020-04-16 09:47:13 INFO  Domain:29 - END: Closes the application once you are done
2020-04-16 09:47:15 INFO  StockManager:44 - What would you like to do with customer:
2020-04-16 09:47:15 INFO  ControllerActions:30 - CREATE: To save a new record to the database
2020-04-16 09:47:15 INFO  ControllerActions:30 - READ: To read a record from the database
2020-04-16 09:47:15 INFO  ControllerActions:30 - READALL: To read all records from the database
2020-04-16 09:47:15 INFO  ControllerActions:30 - UPDATE: To update a record on the database with new information
2020-04-16 09:47:15 INFO  ControllerActions:30 - DELETE: To remove a record from the database
2020-04-16 09:47:15 INFO  ControllerActions:30 - RETURN: To return to table selection
2020-04-16 09:47:18 INFO  CustomerController:37 - Please enter the customer's ID: 
2020-04-16 09:47:20 DEBUG CustomerDAO:52 - [Ljava.lang.StackTraceElement;@5a4aa2f2
2020-04-16 09:47:20 ERROR CustomerDAO:53 - Illegal operation on empty result set.
2020-04-16 09:50:28 INFO  StockManager:26 - Enter Admin username
2020-04-16 09:50:30 INFO  StockManager:28 - Enter Admin password
2020-04-16 09:50:32 INFO  StockManager:40 - Which entity would you like to use?
2020-04-16 09:50:32 INFO  Domain:29 - CUSTOMER: Information on store customers
2020-04-16 09:50:32 INFO  Domain:29 - ITEMS: Details on items in stock
2020-04-16 09:50:32 INFO  Domain:29 - ORDERS: Collection of customers purchases of items
2020-04-16 09:50:32 INFO  Domain:29 - USERS: Information on staff users of the system
2020-04-16 09:50:32 INFO  Domain:29 - END: Closes the application once you are done
2020-04-16 09:50:34 INFO  StockManager:44 - What would you like to do with customer:
2020-04-16 09:50:34 INFO  ControllerActions:30 - CREATE: To save a new record to the database
2020-04-16 09:50:34 INFO  ControllerActions:30 - READ: To read a record from the database
2020-04-16 09:50:34 INFO  ControllerActions:30 - READALL: To read all records from the database
2020-04-16 09:50:34 INFO  ControllerActions:30 - UPDATE: To update a record on the database with new information
2020-04-16 09:50:34 INFO  ControllerActions:30 - DELETE: To remove a record from the database
2020-04-16 09:50:34 INFO  ControllerActions:30 - RETURN: To return to table selection
2020-04-16 09:51:42 INFO  CustomerController:37 - Please enter the customer's ID: 
2020-04-16 09:52:35 DEBUG CustomerDAO:52 - [Ljava.lang.StackTraceElement;@16c069df
2020-04-16 09:52:35 ERROR CustomerDAO:53 - Illegal operation on empty result set.
2020-04-16 09:53:14 INFO  StockManager:26 - Enter Admin username
2020-04-16 09:53:17 INFO  StockManager:28 - Enter Admin password
2020-04-16 09:53:18 INFO  StockManager:40 - Which entity would you like to use?
2020-04-16 09:53:18 INFO  Domain:29 - CUSTOMER: Information on store customers
2020-04-16 09:53:18 INFO  Domain:29 - ITEMS: Details on items in stock
2020-04-16 09:53:18 INFO  Domain:29 - ORDERS: Collection of customers purchases of items
2020-04-16 09:53:18 INFO  Domain:29 - USERS: Information on staff users of the system
2020-04-16 09:53:18 INFO  Domain:29 - END: Closes the application once you are done
2020-04-16 09:53:21 INFO  StockManager:44 - What would you like to do with customer:
2020-04-16 09:53:21 INFO  ControllerActions:30 - CREATE: To save a new record to the database
2020-04-16 09:53:21 INFO  ControllerActions:30 - READ: To read a record from the database
2020-04-16 09:53:21 INFO  ControllerActions:30 - READALL: To read all records from the database
2020-04-16 09:53:21 INFO  ControllerActions:30 - UPDATE: To update a record on the database with new information
2020-04-16 09:53:21 INFO  ControllerActions:30 - DELETE: To remove a record from the database
2020-04-16 09:53:21 INFO  ControllerActions:30 - RETURN: To return to table selection
2020-04-16 09:53:23 INFO  CustomerController:37 - Please enter the customer's ID: 
2020-04-16 09:53:34 DEBUG CustomerDAO:52 - [Ljava.lang.StackTraceElement;@5a4aa2f2
2020-04-16 09:53:34 ERROR CustomerDAO:53 - Illegal operation on empty result set.
2020-04-16 09:53:58 INFO  StockManager:26 - Enter Admin username
2020-04-16 09:54:01 INFO  StockManager:28 - Enter Admin password
2020-04-16 09:54:03 INFO  StockManager:40 - Which entity would you like to use?
2020-04-16 09:54:03 INFO  Domain:29 - CUSTOMER: Information on store customers
2020-04-16 09:54:03 INFO  Domain:29 - ITEMS: Details on items in stock
2020-04-16 09:54:03 INFO  Domain:29 - ORDERS: Collection of customers purchases of items
2020-04-16 09:54:03 INFO  Domain:29 - USERS: Information on staff users of the system
2020-04-16 09:54:03 INFO  Domain:29 - END: Closes the application once you are done
2020-04-16 09:54:06 INFO  StockManager:44 - What would you like to do with customer:
2020-04-16 09:54:06 INFO  ControllerActions:30 - CREATE: To save a new record to the database
2020-04-16 09:54:06 INFO  ControllerActions:30 - READ: To read a record from the database
2020-04-16 09:54:06 INFO  ControllerActions:30 - READALL: To read all records from the database
2020-04-16 09:54:06 INFO  ControllerActions:30 - UPDATE: To update a record on the database with new information
2020-04-16 09:54:06 INFO  ControllerActions:30 - DELETE: To remove a record from the database
2020-04-16 09:54:06 INFO  ControllerActions:30 - RETURN: To return to table selection
2020-04-16 09:54:22 INFO  CustomerController:37 - Please enter the customer's ID: 
2020-04-16 09:55:20 DEBUG CustomerDAO:52 - [Ljava.lang.StackTraceElement;@2bec854f
2020-04-16 09:55:27 ERROR CustomerDAO:53 - Illegal operation on empty result set.
2020-04-16 09:56:19 INFO  StockManager:26 - Enter Admin username
2020-04-16 09:56:22 INFO  StockManager:28 - Enter Admin password
2020-04-16 09:56:25 INFO  StockManager:40 - Which entity would you like to use?
2020-04-16 09:56:25 INFO  Domain:29 - CUSTOMER: Information on store customers
2020-04-16 09:56:25 INFO  Domain:29 - ITEMS: Details on items in stock
2020-04-16 09:56:25 INFO  Domain:29 - ORDERS: Collection of customers purchases of items
2020-04-16 09:56:25 INFO  Domain:29 - USERS: Information on staff users of the system
2020-04-16 09:56:25 INFO  Domain:29 - END: Closes the application once you are done
2020-04-16 09:56:30 INFO  StockManager:44 - What would you like to do with customer:
2020-04-16 09:56:30 INFO  ControllerActions:30 - CREATE: To save a new record to the database
2020-04-16 09:56:30 INFO  ControllerActions:30 - READ: To read a record from the database
2020-04-16 09:56:30 INFO  ControllerActions:30 - READALL: To read all records from the database
2020-04-16 09:56:30 INFO  ControllerActions:30 - UPDATE: To update a record on the database with new information
2020-04-16 09:56:30 INFO  ControllerActions:30 - DELETE: To remove a record from the database
2020-04-16 09:56:30 INFO  ControllerActions:30 - RETURN: To return to table selection
2020-04-16 09:56:40 INFO  CustomerController:37 - Please enter the customer's ID: 
2020-04-16 10:02:24 INFO  StockManager:26 - Enter Admin username
2020-04-16 10:02:26 INFO  StockManager:28 - Enter Admin password
2020-04-16 10:02:28 INFO  StockManager:40 - Which entity would you like to use?
2020-04-16 10:02:28 INFO  Domain:29 - CUSTOMER: Information on store customers
2020-04-16 10:02:28 INFO  Domain:29 - ITEMS: Details on items in stock
2020-04-16 10:02:28 INFO  Domain:29 - ORDERS: Collection of customers purchases of items
2020-04-16 10:02:28 INFO  Domain:29 - USERS: Information on staff users of the system
2020-04-16 10:02:28 INFO  Domain:29 - END: Closes the application once you are done
2020-04-16 10:02:33 INFO  StockManager:44 - What would you like to do with customer:
2020-04-16 10:02:33 INFO  ControllerActions:30 - CREATE: To save a new record to the database
2020-04-16 10:02:33 INFO  ControllerActions:30 - READ: To read a record from the database
2020-04-16 10:02:33 INFO  ControllerActions:30 - READALL: To read all records from the database
2020-04-16 10:02:33 INFO  ControllerActions:30 - UPDATE: To update a record on the database with new information
2020-04-16 10:02:33 INFO  ControllerActions:30 - DELETE: To remove a record from the database
2020-04-16 10:02:33 INFO  ControllerActions:30 - RETURN: To return to table selection
2020-04-16 10:02:47 INFO  CustomerController:37 - Please enter the customer's ID: 
2020-04-16 10:03:23 INFO  StockManager:26 - Enter Admin username
2020-04-16 10:03:27 INFO  StockManager:28 - Enter Admin password
2020-04-16 10:03:28 INFO  StockManager:40 - Which entity would you like to use?
2020-04-16 10:03:28 INFO  Domain:29 - CUSTOMER: Information on store customers
2020-04-16 10:03:28 INFO  Domain:29 - ITEMS: Details on items in stock
2020-04-16 10:03:28 INFO  Domain:29 - ORDERS: Collection of customers purchases of items
2020-04-16 10:03:28 INFO  Domain:29 - USERS: Information on staff users of the system
2020-04-16 10:03:28 INFO  Domain:29 - END: Closes the application once you are done
2020-04-16 10:03:30 INFO  StockManager:44 - What would you like to do with customer:
2020-04-16 10:03:30 INFO  ControllerActions:30 - CREATE: To save a new record to the database
2020-04-16 10:03:30 INFO  ControllerActions:30 - READ: To read a record from the database
2020-04-16 10:03:30 INFO  ControllerActions:30 - READALL: To read all records from the database
2020-04-16 10:03:30 INFO  ControllerActions:30 - UPDATE: To update a record on the database with new information
2020-04-16 10:03:30 INFO  ControllerActions:30 - DELETE: To remove a record from the database
2020-04-16 10:03:30 INFO  ControllerActions:30 - RETURN: To return to table selection
2020-04-16 10:03:37 INFO  CustomerController:37 - Please enter the customer's ID: 
2020-04-16 10:06:07 INFO  StockManager:26 - Enter Admin username
2020-04-16 10:06:09 INFO  StockManager:28 - Enter Admin password
2020-04-16 10:06:10 INFO  StockManager:40 - Which entity would you like to use?
2020-04-16 10:06:10 INFO  Domain:29 - CUSTOMER: Information on store customers
2020-04-16 10:06:10 INFO  Domain:29 - ITEMS: Details on items in stock
2020-04-16 10:06:10 INFO  Domain:29 - ORDERS: Collection of customers purchases of items
2020-04-16 10:06:10 INFO  Domain:29 - USERS: Information on staff users of the system
2020-04-16 10:06:10 INFO  Domain:29 - END: Closes the application once you are done
2020-04-16 10:06:13 INFO  StockManager:44 - What would you like to do with customer:
2020-04-16 10:06:13 INFO  ControllerActions:30 - CREATE: To save a new record to the database
2020-04-16 10:06:13 INFO  ControllerActions:30 - READ: To read a record from the database
2020-04-16 10:06:13 INFO  ControllerActions:30 - READALL: To read all records from the database
2020-04-16 10:06:13 INFO  ControllerActions:30 - UPDATE: To update a record on the database with new information
2020-04-16 10:06:13 INFO  ControllerActions:30 - DELETE: To remove a record from the database
2020-04-16 10:06:13 INFO  ControllerActions:30 - RETURN: To return to table selection
2020-04-16 10:06:21 INFO  CustomerController:37 - Please enter the customer's ID: 
2020-04-16 10:06:34 INFO  CustomerController:40 - ID: 1 First Name: Luke Last Name: Conway Address: 32 suck it road Email: lconway@stickit.com Postcode: ht457np
2020-04-16 10:06:34 INFO  StockManager:40 - Which entity would you like to use?
2020-04-16 10:06:34 INFO  Domain:29 - CUSTOMER: Information on store customers
2020-04-16 10:06:34 INFO  Domain:29 - ITEMS: Details on items in stock
2020-04-16 10:06:34 INFO  Domain:29 - ORDERS: Collection of customers purchases of items
2020-04-16 10:06:34 INFO  Domain:29 - USERS: Information on staff users of the system
2020-04-16 10:06:34 INFO  Domain:29 - END: Closes the application once you are done
2020-04-16 10:23:01 INFO  StockManager:26 - Enter Admin username
2020-04-16 10:23:06 INFO  StockManager:28 - Enter Admin password
2020-04-16 10:23:19 INFO  StockManager:40 - Which entity would you like to use?
2020-04-16 10:23:19 INFO  Domain:29 - CUSTOMER: Information on store customers
2020-04-16 10:23:19 INFO  Domain:29 - ITEMS: Details on items in stock
2020-04-16 10:23:19 INFO  Domain:29 - ORDERS: Collection of customers purchases of items
2020-04-16 10:23:19 INFO  Domain:29 - USERS: Information on staff users of the system
2020-04-16 10:23:19 INFO  Domain:29 - END: Closes the application once you are done
2020-04-16 10:23:29 INFO  StockManager:44 - What would you like to do with items:
2020-04-16 10:23:29 INFO  ControllerActions:30 - CREATE: To save a new record to the database
2020-04-16 10:23:29 INFO  ControllerActions:30 - READ: To read a record from the database
2020-04-16 10:23:29 INFO  ControllerActions:30 - READALL: To read all records from the database
2020-04-16 10:23:29 INFO  ControllerActions:30 - UPDATE: To update a record on the database with new information
2020-04-16 10:23:29 INFO  ControllerActions:30 - DELETE: To remove a record from the database
2020-04-16 10:23:29 INFO  ControllerActions:30 - RETURN: To return to table selection
2020-04-16 10:24:33 INFO  ItemController:37 - Please enter the item's ID: 
2020-04-16 10:24:35 DEBUG ItemDAO:54 - [Ljava.lang.StackTraceElement;@5a4aa2f2
2020-04-16 10:24:35 ERROR ItemDAO:55 - Illegal operation on empty result set.
2020-04-16 10:29:12 INFO  StockManager:26 - Enter Admin username
2020-04-16 10:29:16 INFO  StockManager:28 - Enter Admin password
2020-04-16 10:29:17 INFO  StockManager:40 - Which entity would you like to use?
2020-04-16 10:29:17 INFO  Domain:29 - CUSTOMER: Information on store customers
2020-04-16 10:29:17 INFO  Domain:29 - ITEMS: Details on items in stock
2020-04-16 10:29:17 INFO  Domain:29 - ORDERS: Collection of customers purchases of items
2020-04-16 10:29:17 INFO  Domain:29 - USERS: Information on staff users of the system
2020-04-16 10:29:17 INFO  Domain:29 - END: Closes the application once you are done
2020-04-16 10:53:34 INFO  StockManager:26 - Enter Admin username
2020-04-16 10:53:37 INFO  StockManager:28 - Enter Admin password
2020-04-16 10:53:43 INFO  StockManager:40 - Which entity would you like to use?
2020-04-16 10:53:43 INFO  Domain:29 - CUSTOMER: Information on store customers
2020-04-16 10:53:43 INFO  Domain:29 - ITEMS: Details on items in stock
2020-04-16 10:53:43 INFO  Domain:29 - ORDERS: Collection of customers purchases of items
2020-04-16 10:53:43 INFO  Domain:29 - USERS: Information on staff users of the system
2020-04-16 10:53:43 INFO  Domain:29 - END: Closes the application once you are done
2020-04-16 10:53:55 INFO  StockManager:44 - What would you like to do with items:
2020-04-16 10:53:55 INFO  ControllerActions:30 - CREATE: To save a new record to the database
2020-04-16 10:53:55 INFO  ControllerActions:30 - READ: To read a record from the database
2020-04-16 10:53:55 INFO  ControllerActions:30 - READALL: To read all records from the database
2020-04-16 10:53:55 INFO  ControllerActions:30 - UPDATE: To update a record on the database with new information
2020-04-16 10:53:55 INFO  ControllerActions:30 - DELETE: To remove a record from the database
2020-04-16 10:53:55 INFO  ControllerActions:30 - RETURN: To return to table selection
2020-04-16 10:53:59 INFO  ItemController:70 - Please enter the items name: 
2020-04-16 10:54:06 INFO  ItemController:72 - Please enter the items price: 
2020-04-16 10:54:10 INFO  ItemController:74 - Please enter the items genre: 
2020-04-16 10:54:19 INFO  ItemController:76 - Please enter the items minimum number of players: 
2020-04-16 10:54:21 INFO  ItemController:78 - Please enter the items maximum number of players: 
2020-04-16 10:54:24 INFO  ItemController:80 - Please enter the average play time (Minutes): 
2020-04-16 10:54:28 INFO  ItemController:48 - Item created.
2020-04-16 10:54:28 INFO  StockManager:40 - Which entity would you like to use?
2020-04-16 10:54:28 INFO  Domain:29 - CUSTOMER: Information on store customers
2020-04-16 10:54:28 INFO  Domain:29 - ITEMS: Details on items in stock
2020-04-16 10:54:28 INFO  Domain:29 - ORDERS: Collection of customers purchases of items
2020-04-16 10:54:28 INFO  Domain:29 - USERS: Information on staff users of the system
2020-04-16 10:54:28 INFO  Domain:29 - END: Closes the application once you are done
2020-04-16 10:54:35 ERROR Domain:40 - Invalid selection please try again
2020-04-16 10:54:38 INFO  StockManager:44 - What would you like to do with items:
2020-04-16 10:54:38 INFO  ControllerActions:30 - CREATE: To save a new record to the database
2020-04-16 10:54:38 INFO  ControllerActions:30 - READ: To read a record from the database
2020-04-16 10:54:38 INFO  ControllerActions:30 - READALL: To read all records from the database
2020-04-16 10:54:38 INFO  ControllerActions:30 - UPDATE: To update a record on the database with new information
2020-04-16 10:54:38 INFO  ControllerActions:30 - DELETE: To remove a record from the database
2020-04-16 10:54:38 INFO  ControllerActions:30 - RETURN: To return to table selection
2020-04-16 10:54:43 INFO  ItemController:37 - Please enter the item's ID: 
2020-04-16 10:54:45 INFO  ItemController:40 - persistance.domain.Item@b6ed5048
2020-04-16 10:54:45 INFO  StockManager:40 - Which entity would you like to use?
2020-04-16 10:54:45 INFO  Domain:29 - CUSTOMER: Information on store customers
2020-04-16 10:54:45 INFO  Domain:29 - ITEMS: Details on items in stock
2020-04-16 10:54:45 INFO  Domain:29 - ORDERS: Collection of customers purchases of items
2020-04-16 10:54:45 INFO  Domain:29 - USERS: Information on staff users of the system
2020-04-16 10:54:45 INFO  Domain:29 - END: Closes the application once you are done
2020-04-16 11:01:59 INFO  StockManager:26 - Enter Admin username
2020-04-16 11:02:01 INFO  StockManager:28 - Enter Admin password
2020-04-16 11:02:06 INFO  StockManager:40 - Which entity would you like to use?
2020-04-16 11:02:06 INFO  Domain:29 - CUSTOMER: Information on store customers
2020-04-16 11:02:06 INFO  Domain:29 - ITEMS: Details on items in stock
2020-04-16 11:02:06 INFO  Domain:29 - ORDERS: Collection of customers purchases of items
2020-04-16 11:02:06 INFO  Domain:29 - USERS: Information on staff users of the system
2020-04-16 11:02:06 INFO  Domain:29 - END: Closes the application once you are done
2020-04-16 11:02:11 INFO  StockManager:44 - What would you like to do with items:
2020-04-16 11:02:11 INFO  ControllerActions:30 - CREATE: To save a new record to the database
2020-04-16 11:02:11 INFO  ControllerActions:30 - READ: To read a record from the database
2020-04-16 11:02:11 INFO  ControllerActions:30 - READALL: To read all records from the database
2020-04-16 11:02:11 INFO  ControllerActions:30 - UPDATE: To update a record on the database with new information
2020-04-16 11:02:11 INFO  ControllerActions:30 - DELETE: To remove a record from the database
2020-04-16 11:02:11 INFO  ControllerActions:30 - RETURN: To return to table selection
2020-04-16 11:02:13 INFO  ItemController:37 - Please enter the item's ID: 
2020-04-16 11:02:14 INFO  ItemController:40 - ID: 1 Name: Carcassonne price: 30.0 genre: Tile Based minimum number of players: 2 maximum number of players: 12 average play time: 30
2020-04-16 11:02:14 INFO  StockManager:40 - Which entity would you like to use?
2020-04-16 11:02:14 INFO  Domain:29 - CUSTOMER: Information on store customers
2020-04-16 11:02:14 INFO  Domain:29 - ITEMS: Details on items in stock
2020-04-16 11:02:14 INFO  Domain:29 - ORDERS: Collection of customers purchases of items
2020-04-16 11:02:14 INFO  Domain:29 - USERS: Information on staff users of the system
2020-04-16 11:02:14 INFO  Domain:29 - END: Closes the application once you are done
2020-04-16 11:02:52 INFO  StockManager:26 - Enter Admin username
2020-04-16 11:02:54 INFO  StockManager:28 - Enter Admin password
2020-04-16 11:02:55 INFO  StockManager:40 - Which entity would you like to use?
2020-04-16 11:02:55 INFO  Domain:29 - CUSTOMER: Information on store customers
2020-04-16 11:02:55 INFO  Domain:29 - ITEMS: Details on items in stock
2020-04-16 11:02:55 INFO  Domain:29 - ORDERS: Collection of customers purchases of items
2020-04-16 11:02:55 INFO  Domain:29 - USERS: Information on staff users of the system
2020-04-16 11:02:55 INFO  Domain:29 - END: Closes the application once you are done
2020-04-16 11:02:57 INFO  StockManager:44 - What would you like to do with items:
2020-04-16 11:02:57 INFO  ControllerActions:30 - CREATE: To save a new record to the database
2020-04-16 11:02:57 INFO  ControllerActions:30 - READ: To read a record from the database
2020-04-16 11:02:57 INFO  ControllerActions:30 - READALL: To read all records from the database
2020-04-16 11:02:57 INFO  ControllerActions:30 - UPDATE: To update a record on the database with new information
2020-04-16 11:02:57 INFO  ControllerActions:30 - DELETE: To remove a record from the database
2020-04-16 11:02:57 INFO  ControllerActions:30 - RETURN: To return to table selection
2020-04-16 11:02:59 INFO  ItemController:37 - Please enter the item's ID: 
2020-04-16 11:03:01 INFO  ItemController:40 - ID: 1 Name: Carcassonne price: £30.0 genre: Tile Based minimum number of players: 2 maximum number of players: 12 average play time: 30
2020-04-16 11:03:01 INFO  StockManager:40 - Which entity would you like to use?
2020-04-16 11:03:01 INFO  Domain:29 - CUSTOMER: Information on store customers
2020-04-16 11:03:01 INFO  Domain:29 - ITEMS: Details on items in stock
2020-04-16 11:03:01 INFO  Domain:29 - ORDERS: Collection of customers purchases of items
2020-04-16 11:03:01 INFO  Domain:29 - USERS: Information on staff users of the system
2020-04-16 11:03:01 INFO  Domain:29 - END: Closes the application once you are done
2020-04-16 11:03:34 INFO  StockManager:44 - What would you like to do with end:
2020-04-16 11:03:34 INFO  ControllerActions:30 - CREATE: To save a new record to the database
2020-04-16 11:03:34 INFO  ControllerActions:30 - READ: To read a record from the database
2020-04-16 11:03:34 INFO  ControllerActions:30 - READALL: To read all records from the database
2020-04-16 11:03:34 INFO  ControllerActions:30 - UPDATE: To update a record on the database with new information
2020-04-16 11:03:34 INFO  ControllerActions:30 - DELETE: To remove a record from the database
2020-04-16 11:03:34 INFO  ControllerActions:30 - RETURN: To return to table selection
2020-04-16 11:12:10 INFO  StockManager:26 - Enter Admin username
2020-04-16 11:12:12 INFO  StockManager:28 - Enter Admin password
2020-04-16 11:12:14 INFO  StockManager:40 - Which entity would you like to use?
2020-04-16 11:12:14 INFO  Domain:29 - CUSTOMER: Information on store customers
2020-04-16 11:12:14 INFO  Domain:29 - ITEMS: Details on items in stock
2020-04-16 11:12:14 INFO  Domain:29 - ORDERS: Collection of customers purchases of items
2020-04-16 11:12:14 INFO  Domain:29 - USERS: Information on staff users of the system
2020-04-16 11:12:14 INFO  Domain:29 - END: Closes the application once you are done
2020-04-16 11:12:32 INFO  StockManager:26 - Enter Admin username
2020-04-16 11:12:33 INFO  StockManager:28 - Enter Admin password
2020-04-16 11:12:43 INFO  StockManager:40 - Which entity would you like to use?
2020-04-16 11:12:43 INFO  Domain:29 - CUSTOMER: Information on store customers
2020-04-16 11:12:43 INFO  Domain:29 - ITEMS: Details on items in stock
2020-04-16 11:12:43 INFO  Domain:29 - ORDERS: Collection of customers purchases of items
2020-04-16 11:12:43 INFO  Domain:29 - USERS: Information on staff users of the system
2020-04-16 11:12:43 INFO  Domain:29 - END: Closes the application once you are done
2020-04-16 13:00:28 INFO  StockManager:35 - Enter Admin username
2020-04-16 13:00:31 INFO  StockManager:37 - Enter Admin password
2020-04-16 13:00:43 INFO  UserController:20 - Enter Username: 
2020-04-16 13:00:48 INFO  UserController:22 - Enter Username: 
2020-04-16 13:00:56 DEBUG UserDAO:32 - [Ljava.lang.StackTraceElement;@23a5fd2
2020-04-16 13:00:56 ERROR UserDAO:33 - You have an error in your SQL syntax; check the manual that corresponds to your MySQL server version for the right syntax to use near ''Admin' at line 1
2020-04-16 13:03:14 INFO  StockManager:35 - Enter Admin username
2020-04-16 13:03:18 INFO  StockManager:37 - Enter Admin password
2020-04-16 13:03:20 INFO  UserController:20 - Enter Username: 
2020-04-16 13:03:24 INFO  UserController:22 - Enter Username: 
2020-04-16 13:03:29 DEBUG UserDAO:32 - [Ljava.lang.StackTraceElement;@23a5fd2
2020-04-16 13:03:29 ERROR UserDAO:33 - You have an error in your SQL syntax; check the manual that corresponds to your MySQL server version for the right syntax to use near ''Admin' at line 1
2020-04-16 13:09:17 INFO  StockManager:35 - Enter Admin username
2020-04-16 13:09:24 INFO  StockManager:37 - Enter Admin password
2020-04-16 13:09:25 INFO  UserController:20 - Enter Username: 
2020-04-16 13:09:34 INFO  UserController:22 - Enter Username: 
2020-04-16 13:09:39 DEBUG UserDAO:32 - [Ljava.lang.StackTraceElement;@23a5fd2
2020-04-16 13:09:39 ERROR UserDAO:33 - You have an error in your SQL syntax; check the manual that corresponds to your MySQL server version for the right syntax to use near ''Admin' at line 1
2020-04-16 13:10:48 INFO  StockManager:35 - Enter Admin username
2020-04-16 13:10:52 INFO  StockManager:37 - Enter Admin password
2020-04-16 13:10:54 INFO  UserController:20 - Enter Username: 
2020-04-16 13:10:57 INFO  UserController:22 - Enter Username: 
2020-04-16 13:11:01 DEBUG UserDAO:32 - [Ljava.lang.StackTraceElement;@23a5fd2
2020-04-16 13:11:01 ERROR UserDAO:33 - You have an error in your SQL syntax; check the manual that corresponds to your MySQL server version for the right syntax to use near ''Admin' at line 1
2020-04-16 14:00:48 INFO  StockManager:35 - Enter Admin username
2020-04-16 14:00:57 INFO  StockManager:37 - Enter Admin password
2020-04-16 14:00:58 INFO  UserController:20 - Enter Username: 
2020-04-16 14:01:01 INFO  UserController:22 - Enter Username: 
2020-04-16 14:01:07 DEBUG UserDAO:32 - [Ljava.lang.StackTraceElement;@23a5fd2
2020-04-16 14:01:07 ERROR UserDAO:33 - You have an error in your SQL syntax; check the manual that corresponds to your MySQL server version for the right syntax to use near ''admin' at line 1
2020-04-16 14:02:08 INFO  StockManager:35 - Enter Admin username
2020-04-16 14:02:11 INFO  StockManager:37 - Enter Admin password
2020-04-16 14:02:13 INFO  UserController:20 - Enter Username: 
2020-04-16 14:02:19 INFO  UserController:22 - Enter Username: 
2020-04-16 14:02:27 DEBUG UserDAO:32 - [Ljava.lang.StackTraceElement;@23a5fd2
2020-04-16 14:02:27 ERROR UserDAO:33 - You have an error in your SQL syntax; check the manual that corresponds to your MySQL server version for the right syntax to use near ''admin' at line 1
2020-04-16 16:04:23 INFO  Domain:31 - CUSTOMER: Information on store customers
2020-04-16 16:04:23 INFO  Domain:31 - ITEMS: Details on items in stock
2020-04-16 16:04:23 INFO  Domain:31 - ORDERS: Collection of customers purchases of items
2020-04-16 16:04:23 INFO  Domain:31 - USERS: Information on staff users of the system
2020-04-16 16:04:23 INFO  Domain:31 - END: Closes the application once you are done
2020-04-16 16:05:32 INFO  Domain:31 - CUSTOMER: Information on store customers
2020-04-16 16:05:32 INFO  Domain:31 - ITEMS: Details on items in stock
2020-04-16 16:05:32 INFO  Domain:31 - ORDERS: Collection of customers purchases of items
2020-04-16 16:05:32 INFO  Domain:31 - USERS: Information on staff users of the system
2020-04-16 16:05:32 INFO  Domain:31 - END: Closes the application once you are done
2020-04-16 16:22:39 INFO  Domain:31 - CUSTOMER: Information on store customers
2020-04-16 16:22:39 INFO  Domain:31 - ITEMS: Details on items in stock
2020-04-16 16:22:39 INFO  Domain:31 - ORDERS: Collection of customers purchases of items
2020-04-16 16:22:39 INFO  Domain:31 - USERS: Information on staff users of the system
2020-04-16 16:22:39 INFO  Domain:31 - END: Closes the application once you are done
2020-04-16 16:24:06 INFO  Domain:31 - CUSTOMER: Information on store customers
2020-04-16 16:24:06 INFO  Domain:31 - ITEMS: Details on items in stock
2020-04-16 16:24:06 INFO  Domain:31 - ORDERS: Collection of customers purchases of items
2020-04-16 16:24:06 INFO  Domain:31 - USERS: Information on staff users of the system
2020-04-16 16:24:06 INFO  Domain:31 - END: Closes the application once you are done
2020-04-17 09:20:43 INFO  StockManager:35 - Enter Admin username
2020-04-17 09:20:47 INFO  StockManager:37 - Enter Admin password
2020-04-17 09:21:01 INFO  StockManager:56 - Which entity would you like to use?
2020-04-17 09:21:01 INFO  Domain:31 - CUSTOMER: Information on store customers
2020-04-17 09:21:01 INFO  Domain:31 - ITEMS: Details on items in stock
2020-04-17 09:21:01 INFO  Domain:31 - ORDERS: Collection of customers purchases of items
2020-04-17 09:21:01 INFO  Domain:31 - USERS: Information on staff users of the system
2020-04-17 09:21:01 INFO  Domain:31 - END: Closes the application once you are done
2020-04-17 09:21:09 INFO  StockManager:61 - What would you like to do with customer:
2020-04-17 09:21:09 INFO  ControllerActions:30 - CREATE: To save a new record to the database
2020-04-17 09:21:09 INFO  ControllerActions:30 - READ: To read a record from the database
2020-04-17 09:21:09 INFO  ControllerActions:30 - READALL: To read all records from the database
2020-04-17 09:21:09 INFO  ControllerActions:30 - UPDATE: To update a record on the database with new information
2020-04-17 09:21:09 INFO  ControllerActions:30 - DELETE: To remove a record from the database
2020-04-17 09:21:09 INFO  ControllerActions:30 - RETURN: To return to table selection
2020-04-17 09:21:12 INFO  CustomerController:36 - Please enter the customer's ID: 
2020-04-17 09:21:16 INFO  CustomerController:39 - ID: 1 First Name: Luke Last Name: Conway Address: 32 suck it road Email: lconway@stickit.com Postcode: ht457np
2020-04-17 09:21:16 INFO  StockManager:56 - Which entity would you like to use?
2020-04-17 09:21:16 INFO  Domain:31 - CUSTOMER: Information on store customers
2020-04-17 09:21:16 INFO  Domain:31 - ITEMS: Details on items in stock
2020-04-17 09:21:16 INFO  Domain:31 - ORDERS: Collection of customers purchases of items
2020-04-17 09:21:16 INFO  Domain:31 - USERS: Information on staff users of the system
2020-04-17 09:21:16 INFO  Domain:31 - END: Closes the application once you are done
2020-04-17 09:24:14 INFO  CustomerController:29 - ID: null First Name: Luke Last Name: Conway Address: 30 Test Road Email: Test@tester.com Postcode: testing
2020-04-17 09:24:14 INFO  CustomerController:29 - ID: null First Name: Cade Last Name: Jackson Address: 37 Test lane Email: Testing@tester.com Postcode: tsttst
2020-04-17 09:24:14 INFO  CustomerController:29 - ID: null First Name: Elle Last Name: White Address: 25 Test street Email: Tst@tstr.co.uk Postcode: teeeeeest
2020-04-17 09:24:14 INFO  CustomerController:54 - Please enter the id of the customer you would like to update
2020-04-17 09:24:14 INFO  CustomerController:71 - Please enter the customer's first name: 
2020-04-17 09:24:14 INFO  CustomerController:73 - Please enter the customer's last name: 
2020-04-17 09:24:14 INFO  CustomerController:75 - Please enter the customer's address: 
2020-04-17 09:24:14 INFO  CustomerController:77 - Please enter the customer's email: 
2020-04-17 09:24:14 INFO  CustomerController:79 - Please enter the customer's postcode: 
2020-04-17 09:24:14 INFO  CustomerController:59 - Customer updated
2020-04-17 09:24:14 INFO  CustomerController:71 - Please enter the customer's first name: 
2020-04-17 09:24:14 INFO  CustomerController:73 - Please enter the customer's last name: 
2020-04-17 09:24:14 INFO  CustomerController:75 - Please enter the customer's address: 
2020-04-17 09:24:14 INFO  CustomerController:77 - Please enter the customer's email: 
2020-04-17 09:24:14 INFO  CustomerController:79 - Please enter the customer's postcode: 
2020-04-17 09:24:14 INFO  CustomerController:48 - Customer created.
2020-04-17 09:24:14 INFO  CustomerController:65 - Please enter the id of the customer you would like to delete
